Iteration	Replicate_ID	Posterior	Likelihood	Prior	clock_time	TL	tmrca_Holocephalans_A	tmrca_Holocephalans_B
0	0	-1968.58	-1802.61	-165.964	1.044116	887.0235	0.1468431	0.13551
1	1	-2740.6	-2570.9	-169.7	2.160374	888.0866	443	0
2	0	-1966.68	-1800.72	-165.964	1.044116	886.9847	0.1332371	0.13551
3	1	-2746.46	-2576.76	-169.7	2.160374	888.115	443	0
4	0	-1969.16	-1803.2	-165.964	1.044116	887.0245	0.1368917	0.13551
5	1	-2748.22	-2578.52	-169.7	2.160374	888.2176	443	0
6	0	-1967.03	-1801.06	-165.964	1.044116	887.0825	0.1470995	0.13551
7	1	-2743.05	-2573.35	-169.7	2.160374	888.1049	443	0
8	0	-1967.77	-1801.81	-165.964	1.044116	886.9641	0.1348311	0.13551
9	1	-2737.77	-2568.07	-169.7	2.160374	888.0396	443	0
10	0	-1964.86	-1798.9	-165.964	1.044116	887.0196	0.1364838	0.13551
11	1	-2739.61	-2569.91	-169.7	2.160374	888.0853	443	0
12	0	-1970.89	-1804.92	-165.964	1.044116	887.0767	0.1347062	0.13551
13	1	-2739.24	-2569.54	-169.7	2.160374	888.1339	443	0
14	0	-1971.29	-1805.33	-165.964	1.044116	887.0761	0.1344138	0.13551
15	1	-2736.1	-2566.4	-169.7	2.160374	888.1562	443	0
16	0	-1966.83	-1800.87	-165.964	1.044116	887.073	0.139607	0.13551
17	1	-2740.22	-2570.52	-169.7	2.160374	888.0817	443	0
18	0	-1970.99	-1805.03	-165.964	1.044116	887.0949	0.1373412	0.13551
19	1	-2738.88	-2569.18	-169.7	2.160374	888.0575	443	0
20	0	-1974.04	-1808.08	-165.964	1.044116	887.1524	0.1378185	0.13551
21	1	-2739.59	-2569.89	-169.7	2.160374	888.0552	443	0
22	0	-1967.56	-1801.59	-165.964	1.044116	887.0579	0.1447342	0.13551
23	1	-2742.21	-2572.51	-169.7	2.160374	888.0286	443	0
24	0	-1968.3	-1802.34	-165.964	1.044116	887.1205	0.1423962	0.13551
25	1	-2744.72	-2575.02	-169.7	2.160374	887.9826	443	0
26	0	-1965.19	-1799.22	-165.964	1.044116	887.0648	0.1436368	0.13551
27	1	-2715.14	-2545.44	-169.7	2.160374	887.9852	443	0
28	0	-1966.08	-1800.11	-165.964	1.044116	887.1492	0.1349212	0.13551
29	1	-2719.5	-2549.8	-169.7	2.160374	888.0016	443	0
30	0	-1967.4	-1801.44	-165.964	1.044116	887.103	0.1534297	0.13551
31	1	-2717.86	-2548.16	-169.7	2.160374	888.0583	443	0
32	0	-1974.56	-1808.6	-165.964	1.044116	887.0544	0.1400823	0.13551
33	1	-2718.93	-2549.23	-169.7	2.160374	888.067	443	0
34	0	-1973.45	-1807.48	-165.964	1.044116	887.1547	0.1433844	0.13551
35	1	-2718.76	-2549.06	-169.7	2.160374	888.0772	443	0
36	0	-1971.75	-1805.78	-165.964	1.044116	887.106	0.1470451	0.13551
37	1	-2715.51	-2545.81	-169.7	2.160374	888.103	443	0
38	0	-1968.01	-1802.05	-165.964	1.044116	887.1918	0.143657	0.13551
39	1	-2716.81	-2547.11	-169.7	2.160374	887.9901	443	0
40	0	-1967.73	-1801.77	-165.964	1.044116	887.0121	0.1399845	0.13551
41	1	-2716.1	-2546.4	-169.7	2.160374	887.9713	443	0
42	0	-1972.57	-1806.61	-165.964	1.044116	887.073	0.1333665	0.13551
43	1	-2715.86	-2546.16	-169.7	2.160374	888.024	443	0
44	0	-1974.3	-1808.34	-165.964	1.044116	887.1224	0.1569229	0.13551
45	1	-2725.85	-2556.15	-169.7	2.160374	888.0031	443	0
46	0	-1967.34	-1801.38	-165.964	1.044116	887.0779	0.1392466	0.13551
47	1	-2714.62	-2544.92	-169.7	2.160374	888.014	443	0
48	0	-1967.98	-1802.02	-165.964	1.044116	887.1362	0.1427913	0.13551
49	1	-2719.49	-2549.79	-169.7	2.160374	887.8924	443	0
50	0	-1968.06	-1802.1	-165.964	1.044116	887.1218	0.1436188	0.13551
51	1	-2714.27	-2544.57	-169.7	2.160374	888.0563	443	0
52	0	-1973.88	-1807.91	-165.964	1.044116	887.0127	0.1355581	0.13551
53	1	-2715.67	-2545.97	-169.7	2.160374	888.029	443	0
54	0	-1973.02	-1807.06	-165.964	1.044116	886.9837	0.1455846	0.13551
55	1	-2716.24	-2546.54	-169.7	2.160374	888.0987	443	0
56	0	-1965.57	-1799.61	-165.964	1.044116	887.022	0.1459005	0.13551
57	1	-2725.68	-2555.98	-169.7	2.160374	887.9893	443	0
58	0	-1967.29	-1801.33	-165.964	1.044116	887.1652	0.1469175	0.13551
59	1	-2722.87	-2553.17	-169.7	2.160374	888.192	443	0
60	0	-1969.14	-1803.17	-165.964	1.044116	887.0346	0.1367895	0.13551
61	1	-2723.83	-2554.13	-169.7	2.160374	888.1341	443	0
62	0	-1969.77	-1803.81	-165.964	1.044116	887.0319	0.146515	0.13551
63	1	-2720.03	-2550.33	-169.7	2.160374	888.1394	443	0
64	0	-1965.88	-1799.92	-165.964	1.044116	887.0465	0.137587	0.13551
65	1	-2721.14	-2551.44	-169.7	2.160374	888.1168	443	0
66	0	-1969.5	-1803.54	-165.964	1.044116	887.0457	0.1421677	0.13551
67	1	-2720.38	-2550.68	-169.7	2.160374	887.9737	443	0
68	0	-1972.39	-1806.42	-165.964	1.044116	886.9909	0.1386386	0.13551
69	1	-2722.54	-2552.84	-169.7	2.160374	888.0987	443	0
70	0	-1969.25	-1803.28	-165.964	1.044116	887.0632	0.1461199	0.13551
71	1	-2720.41	-2550.71	-169.7	2.160374	888.0478	443	0
72	0	-1966.02	-1800.06	-165.964	1.044116	887.1546	0.1393862	0.13551
73	1	-2718.45	-2548.75	-169.7	2.160374	888.0307	443	0
74	0	-1967.75	-1801.79	-165.964	1.044116	887.0982	0.1467364	0.13551
75	1	-2724.63	-2554.93	-169.7	2.160374	888.1569	443	0
76	0	-1969.12	-1803.16	-165.964	1.044116	887.0914	0.1522811	0.13551
77	1	-2724.06	-2554.36	-169.7	2.160374	888.1938	443	0
78	0	-1969.48	-1803.51	-165.964	1.044116	887.0856	0.1504791	0.13551
79	1	-2724.93	-2555.23	-169.7	2.160374	888.2542	443	0
80	0	-1967.58	-1801.61	-165.964	1.044116	887.1118	0.1346969	0.13551
81	1	-2730.3	-2560.6	-169.7	2.160374	888.0931	443	0
82	0	-1966.97	-1801.01	-165.964	1.044116	887.0243	0.1345298	0.13551
83	1	-2690.22	-2520.52	-169.7	2.160374	888.0986	443	0
84	0	-1968.07	-1802.1	-165.963	1.044116	886.943	0.1460242	0.13551
85	1	-2692.11	-2522.41	-169.7	2.160374	888.1546	443	0
86	0	-1972.83	-1806.87	-165.964	1.044116	887.0691	0.137176	0.13551
87	1	-2695.39	-2525.69	-169.7	2.160374	888.1135	443	0
88	0	-1976.2	-1810.24	-165.964	1.044116	887.0809	0.141984	0.13551
89	1	-2688.95	-2519.25	-169.7	2.160374	888.1291	443	0
90	0	-1967.71	-1801.75	-165.964	1.044116	886.9643	0.1386463	0.13551
91	1	-2696.14	-2526.44	-169.7	2.160374	888.1373	443	0
92	0	-1973.04	-1807.07	-165.964	1.044116	887.0334	0.1375154	0.13551
93	1	-2687.96	-2518.26	-169.7	2.160374	888.097	443	0
94	0	-1975.95	-1809.98	-165.964	1.044116	887.0548	0.1462072	0.13551
95	1	-2690.22	-2520.52	-169.7	2.160374	888.0712	443	0
96	0	-1970.18	-1804.22	-165.964	1.044116	887.082	0.1365222	0.13551
97	1	-2693.26	-2523.56	-169.7	2.160374	887.9531	443	0
98	0	-1969.24	-1803.27	-165.964	1.044116	887.1005	0.1410581	0.13551
99	1	-2693.34	-2523.64	-169.7	2.160374	887.9748	443	0
100	0	-1967.26	-1801.29	-165.964	1.044116	887.0415	0.1316998	0.13551
101	1	-2694.89	-2525.19	-169.7	2.160374	887.9483	443	0
102	0	-1968.69	-1802.73	-165.964	1.044116	887.107	0.1347822	0.13551
103	1	-2691.02	-2521.32	-169.7	2.160374	887.9955	443	0
104	0	-1973.94	-1807.98	-165.964	1.044116	887.0728	0.1379147	0.13551
105	1	-2694.28	-2524.58	-169.7	2.160374	887.956	443	0
106	0	-1967.49	-1801.53	-165.964	1.044116	887.0875	0.1374949	0.13551
107	1	-2693.26	-2523.56	-169.7	2.160374	887.9722	443	0
108	0	-1968.53	-1802.56	-165.964	1.044116	887.0375	0.1385066	0.13551
109	1	-2691.24	-2521.54	-169.7	2.160374	887.9955	443	0
110	0	-1966.75	-1800.79	-165.964	1.044116	886.9808	0.1374272	0.13551
111	1	-2699.58	-2529.88	-169.7	2.160374	887.9669	443	0
112	0	-1965.53	-1799.57	-165.964	1.044116	887.0013	0.1348489	0.13551
113	1	-2696.87	-2527.17	-169.7	2.160374	888.151	443	0
114	0	-1968.25	-1802.29	-165.964	1.044116	887.1145	0.1466601	0.13551
115	1	-2692.71	-2523.01	-169.7	2.160374	888.0707	443	0
116	0	-1969.59	-1803.63	-165.964	1.044116	887.1315	0.1439409	0.13551
117	1	-2690.1	-2520.4	-169.7	2.160374	888.037	443	0
118	0	-1967.97	-1802.01	-165.964	1.044116	887.0498	0.1411427	0.13551
119	1	-2692.84	-2523.14	-169.7	2.160374	887.8876	443	0
120	0	-1965.33	-1799.37	-165.964	1.044116	887.0451	0.1356062	0.13551
121	1	-2695.01	-2525.31	-169.7	2.160374	888.0527	443	0
122	0	-1969.63	-1803.67	-165.964	1.044116	887.1009	0.1337641	0.13551
123	1	-2688.81	-2519.11	-169.7	2.160374	887.9289	443	0
124	0	-1970.97	-1805	-165.964	1.044116	887.1067	0.1454149	0.13551
125	1	-2686.71	-2517.01	-169.7	2.160374	888.0174	443	0
126	0	-1971.68	-1805.72	-165.964	1.044116	887.0653	0.1317834	0.13551
127	1	-2687.6	-2517.9	-169.7	2.160374	887.9998	443	0
128	0	-1971.88	-1805.92	-165.964	1.044116	887.1938	0.1475827	0.13551
129	1	-2690.59	-2520.89	-169.7	2.160374	887.9694	443	0
130	0	-1975.05	-1809.08	-165.964	1.044116	887.2239	0.1478053	0.13551
131	1	-2694.26	-2524.56	-169.7	2.160374	887.9878	443	0
132	0	-1974.24	-1808.28	-165.964	1.044116	887.1935	0.1437557	0.13551
133	1	-2694.5	-2524.8	-169.7	2.160374	887.9746	443	0
134	0	-1973.83	-1807.87	-165.964	1.044116	887.0922	0.1496358	0.13551
135	1	-2698.31	-2528.61	-169.7	2.160374	887.9249	443	0
136	0	-1970.46	-1804.49	-165.964	1.044116	887.1721	0.1344609	0.13551
137	1	-2695.67	-2525.97	-169.7	2.160374	887.954	443	0
138	0	-1968.45	-1802.48	-165.964	1.044116	887.0858	0.1505303	0.13551
139	1	-2696.49	-2526.79	-169.7	2.160374	887.9665	443	0
140	0	-1967.91	-1801.94	-165.964	1.044116	887.083	0.134454	0.13551
141	1	-2691.4	-2521.7	-169.7	2.160374	887.9866	443	0
142	0	-1969.59	-1803.63	-165.964	1.044116	887.0612	0.1397432	0.13551
143	1	-2689.35	-2519.65	-169.7	2.160374	887.9528	443	0
144	0	-1963.89	-1797.92	-165.964	1.044116	887.0824	0.1413595	0.13551
145	1	-2690.55	-2520.85	-169.7	2.160374	887.9909	443	0
146	0	-1969.64	-1803.68	-165.964	1.044116	887.1029	0.1430235	0.13551
147	1	-2687.84	-2518.14	-169.7	2.160374	887.9667	443	0
148	0	-1967.07	-1801.1	-165.964	1.044116	887.0401	0.1351088	0.13551
149	1	-2689.92	-2520.22	-169.7	2.160374	887.9245	443	0
150	0	-1976.24	-1810.28	-165.964	1.044116	887.207	0.1700757	0.13551
151	1	-2686.64	-2516.94	-169.7	2.160374	887.9967	443	0
152	0	-1974.29	-1808.33	-165.964	1.044116	887.1925	0.147542	0.13551
153	1	-2689.21	-2519.51	-169.7	2.160374	887.9725	443	0
154	0	-1970.84	-1804.88	-165.964	1.044116	887.1414	0.1323894	0.13551
155	1	-2693.95	-2524.25	-169.7	2.160374	888.0163	443	0
156	0	-1969.12	-1803.15	-165.964	1.044116	887.1318	0.1318991	0.13551
157	1	-2690.2	-2520.5	-169.7	2.160374	888.0353	443	0
158	0	-1970.66	-1804.69	-165.964	1.044116	887.1449	0.1404993	0.13551
159	1	-2692.39	-2522.69	-169.7	2.160374	888.0338	443	0
160	0	-1970	-1804.03	-165.964	1.044116	887.0914	0.1390947	0.13551
161	1	-2690.61	-2520.91	-169.7	2.160374	888.0816	443	0
162	0	-1966.2	-1800.24	-165.964	1.044116	887.2024	0.1398521	0.13551
163	1	-2686.62	-2516.92	-169.7	2.160374	888.0136	443	0
164	0	-1972.54	-1806.57	-165.964	1.044116	887.196	0.1360277	0.13551
165	1	-2693.86	-2524.16	-169.7	2.160374	887.9919	443	0
166	0	-1971.89	-1805.93	-165.964	1.044116	887.189	0.1444142	0.13551
167	1	-2691.96	-2522.26	-169.7	2.160374	887.9065	443	0
168	0	-1970.04	-1804.07	-165.964	1.044116	887.0564	0.1336556	0.13551
169	1	-2688.18	-2518.48	-169.7	2.160374	888.0018	443	0
170	0	-1969.49	-1803.53	-165.964	1.044116	887.1259	0.1501259	0.13551
171	1	-2692.56	-2522.86	-169.7	2.160374	887.8949	443	0
172	0	-1970.13	-1804.17	-165.964	1.044116	886.9763	0.1383724	0.13551
173	1	-2692.39	-2522.69	-169.7	2.160374	888.0347	443	0
174	0	-1966.34	-1800.37	-165.964	1.044116	887.1103	0.1426332	0.13551
175	1	-2694.67	-2524.97	-169.7	2.160374	888.0015	443	0
176	0	-1969.41	-1803.45	-165.964	1.044116	886.968	0.1388969	0.13551
177	1	-2688.57	-2518.87	-169.7	2.160374	888.074	443	0
178	0	-1969.89	-1803.93	-165.964	1.044116	887.0056	0.1327144	0.13551
179	1	-2690.62	-2520.92	-169.7	2.160374	887.988	443	0
180	0	-1969.81	-1803.84	-165.964	1.044116	887.0948	0.1477293	0.13551
181	1	-2687.52	-2517.82	-169.7	2.160374	888.0565	443	0
182	0	-1967.03	-1801.06	-165.964	1.044116	887.1035	0.1370591	0.13551
183	1	-2688.74	-2519.04	-169.7	2.160374	887.9644	443	0
184	0	-1970.09	-1804.13	-165.964	1.044116	887.0714	0.1396027	0.13551
185	1	-2690.35	-2520.65	-169.7	2.160374	888.014	443	0
186	0	-1969.91	-1803.94	-165.964	1.044116	887.0778	0.1351534	0.13551
187	1	-2689.86	-2520.16	-169.7	2.160374	888.0102	443	0
188	0	-1970.11	-1804.14	-165.964	1.044116	887.1746	0.1464761	0.13551
189	1	-2689.37	-2519.67	-169.7	2.160374	887.9944	443	0
190	0	-1968.54	-1802.57	-165.964	1.044116	887.168	0.1365652	0.13551
191	1	-2690.81	-2521.11	-169.7	2.160374	888.0283	443	0
192	0	-1969.05	-1803.09	-165.964	1.044116	887.1038	0.1322954	0.13551
193	1	-2689.01	-2519.31	-169.7	2.160374	887.9605	443	0
194	0	-1965.98	-1800.01	-165.964	1.044116	887.2736	0.1312605	0.13551
195	1	-2690.97	-2521.27	-169.7	2.160374	887.9706	443	0
196	0	-1972.09	-1806.12	-165.964	1.044116	887.3147	0.1365885	0.13551
197	1	-2686.31	-2516.61	-169.7	2.160374	887.871	443	0
198	0	-1969.56	-1803.6	-165.964	1.044116	887.2019	0.1473033	0.13551
199	1	-2688.7	-2519	-169.7	2.160374	887.9084	443	0
200	0	-1971.07	-1805.1	-165.964	1.044116	887.1907	0.1372096	0.13551
201	1	-2686.6	-2516.9	-169.7	2.160374	887.9984	443	0
202	0	-1971.41	-1805.44	-165.964	1.044116	887.2424	0.1418895	0.13551
203	1	-2690.98	-2521.28	-169.7	2.160374	887.9677	443	0
204	0	-1966.86	-1800.9	-165.964	1.044116	887.2453	0.1479584	0.13551
205	1	-2692.78	-2523.08	-169.7	2.160374	887.9246	443	0
206	0	-1967.55	-1801.59	-165.964	1.044116	887.1968	0.1402936	0.13551
207	1	-2697.17	-2527.47	-169.7	2.160374	888.0972	443	0
208	0	-1967.58	-1801.62	-165.964	1.044116	887.1145	0.1342726	0.13551
209	1	-2694.8	-2525.1	-169.7	2.160374	888.0557	443	0
210	0	-1966.2	-1800.23	-165.964	1.044116	887.1294	0.1459321	0.13551
211	1	-2697.66	-2527.96	-169.7	2.160374	888.0339	443	0
212	0	-1963.64	-1797.68	-165.964	1.044116	887.1058	0.1318361	0.13551
213	1	-2694.04	-2524.34	-169.7	2.160374	888.1252	443	0
214	0	-1968.6	-1802.64	-165.964	1.044116	887.1827	0.1530133	0.13551
215	1	-2693.81	-2524.11	-169.7	2.160374	887.9963	443	0
216	0	-1974.12	-1808.15	-165.964	1.044116	887.1748	0.1399925	0.13551
217	1	-2695.57	-2525.87	-169.7	2.160374	887.9698	443	0
218	0	-1976.08	-1810.12	-165.964	1.044116	887.1881	0.1408762	0.13551
219	1	-2681.86	-2512.16	-169.7	2.160374	888.0146	443	0
220	0	-1964.48	-1798.51	-165.964	1.044116	887.1211	0.1411298	0.13551
221	1	-2686.96	-2517.26	-169.7	2.160374	888.0248	443	0
222	0	-1967.88	-1801.92	-165.964	1.044116	887.2706	0.1344731	0.13551
223	1	-2682.95	-2513.25	-169.7	2.160374	888.0741	443	0
224	0	-1971.22	-1805.25	-165.964	1.044116	887.1972	0.136551	0.13551
225	1	-2683.69	-2513.99	-169.7	2.160374	887.966	443	0
226	0	-1967.98	-1802.01	-165.964	1.044116	887.1036	0.1379984	0.13551
227	1	-2681.72	-2512.02	-169.7	2.160374	888.0081	443	0
228	0	-1968.7	-1802.74	-165.964	1.044116	887.286	0.1499424	0.13551
229	1	-2679.37	-2509.67	-169.7	2.160374	887.9501	443	0
230	0	-1971.17	-1805.2	-165.964	1.044116	887.2346	0.1385182	0.13551
231	1	-2686.9	-2517.2	-169.7	2.160374	888.0906	443	0
232	0	-1965.57	-1799.61	-165.964	1.044116	887.2008	0.1393078	0.13551
233	1	-2693.11	-2523.41	-169.7	2.160374	888.1416	443	0
234	0	-1967.63	-1801.67	-165.964	1.044116	887.173	0.1454419	0.13551
235	1	-2688.15	-2518.45	-169.7	2.160374	888.1665	443	0
236	0	-1965.58	-1799.62	-165.964	1.044116	887.2147	0.1311353	0.13551
237	1	-2686.31	-2516.61	-169.7	2.160374	888.0034	443	0
238	0	-1967.06	-1801.09	-165.964	1.044116	887.2736	0.1407202	0.13551
239	1	-2688.13	-2518.43	-169.7	2.160374	888.1319	443	0
240	0	-1964.33	-1798.37	-165.964	1.044116	887.2044	0.1372007	0.13551
241	1	-2685.64	-2515.94	-169.7	2.160374	888.0094	443	0
242	0	-1965.82	-1799.85	-165.964	1.044116	887.196	0.1392317	0.13551
243	1	-2681.86	-2512.16	-169.7	2.160374	888.0142	443	0
244	0	-1964.64	-1798.68	-165.964	1.044116	887.2155	0.1411071	0.13551
245	1	-2689.18	-2519.48	-169.7	2.160374	887.9045	443	0
246	0	-1965.87	-1799.91	-165.964	1.044116	887.1538	0.1385428	0.13551
247	1	-2685.56	-2515.86	-169.7	2.160374	887.8548	443	0
248	0	-1966.57	-1800.6	-165.964	1.044116	887.1587	0.1436385	0.13551
249	1	-2687.03	-2517.33	-169.7	2.160374	887.8901	443	0
250	0	-1965.71	-1799.74	-165.964	1.044116	887.2985	0.1456391	0.13551
251	1	-2686.24	-2516.54	-169.7	2.160374	887.8875	443	0
252	0	-1966.8	-1800.84	-165.964	1.044116	887.2628	0.1388662	0.13551
253	1	-2686.43	-2516.73	-169.7	2.160374	888.0064	443	0
254	0	-1969.84	-1803.87	-165.964	1.044116	887.2204	0.1436165	0.13551
255	1	-2685.32	-2515.62	-169.7	2.160374	888.0582	443	0
256	0	-1967.48	-1801.52	-165.964	1.044116	887.2186	0.1363919	0.13551
257	1	-2681.95	-2512.25	-169.7	2.160374	887.9482	443	0
258	0	-1969.34	-1803.37	-165.964	1.044116	887.3332	0.1632032	0.13551
259	1	-2688.02	-2518.32	-169.7	2.160374	887.9018	443	0
260	0	-1965.78	-1799.82	-165.964	1.044116	887.2519	0.146481	0.13551
261	1	-2687.67	-2517.97	-169.7	2.160374	887.9386	443	0
262	0	-1968.93	-1802.96	-165.964	1.044116	887.2038	0.1322373	0.13551
263	1	-2681.96	-2512.26	-169.7	2.160374	888.0598	443	0
264	0	-1966.89	-1800.93	-165.964	1.044116	887.1919	0.1339114	0.13551
265	1	-2681.61	-2511.91	-169.7	2.160374	887.9969	443	0
266	0	-1966.91	-1800.94	-165.964	1.044116	887.2244	0.1445939	0.13551
267	1	-2684.46	-2514.76	-169.7	2.160374	888.0128	443	0
268	0	-1971.72	-1805.76	-165.964	1.044116	887.3026	0.146162	0.13551
269	1	-2684.93	-2515.23	-169.7	2.160374	888.0022	443	0
270	0	-1971.1	-1805.14	-165.964	1.044116	887.3125	0.1469601	0.13551
271	1	-2682.88	-2513.18	-169.7	2.160374	887.9988	443	0
272	0	-1968.4	-1802.44	-165.964	1.044116	887.1454	0.1322867	0.13551
273	1	-2687.04	-2517.34	-169.7	2.160374	887.8468	443	0
274	0	-1965.41	-1799.45	-165.964	1.044116	887.0988	0.1341263	0.13551
275	1	-2692.6	-2522.9	-169.7	2.160374	887.8917	443	0
276	0	-1970.15	-1804.19	-165.964	1.044116	887.2952	0.1542055	0.13551
277	1	-2685.37	-2515.67	-169.7	2.160374	887.9624	443	0
278	0	-1964.27	-1798.3	-165.964	1.044116	887.2026	0.1428371	0.13551
279	1	-2682.2	-2512.5	-169.7	2.160374	887.9782	443	0
280	0	-1970.11	-1804.15	-165.964	1.044116	887.2895	0.1413268	0.13551
281	1	-2682.51	-2512.81	-169.7	2.160374	888.003	443	0
282	0	-1967.43	-1801.46	-165.964	1.044116	887.163	0.1427266	0.13551
283	1	-2688.19	-2518.49	-169.7	2.160374	888.0048	443	0
284	0	-1972.61	-1806.64	-165.964	1.044116	887.1964	0.1392324	0.13551
285	1	-2683.96	-2514.26	-169.7	2.160374	887.8689	443	0
286	0	-1975.04	-1809.08	-165.964	1.044116	887.2881	0.1470095	0.13551
287	1	-2680.31	-2510.61	-169.7	2.160374	887.971	443	0
288	0	-1970.38	-1804.42	-165.964	1.044116	887.2946	0.1569061	0.13551
289	1	-2683.39	-2513.69	-169.7	2.160374	887.8604	443	0
290	0	-1965.41	-1799.45	-165.964	1.044116	887.251	0.1403751	0.13551
291	1	-2683.13	-2513.43	-169.7	2.160374	887.7822	443	0
292	0	-1974.19	-1808.23	-165.964	1.044116	887.1217	0.1394353	0.13551
293	1	-2681.32	-2511.62	-169.7	2.160374	887.8112	443	0
294	0	-1964.29	-1798.33	-165.964	1.044116	887.1921	0.1353219	0.13551
295	1	-2684.44	-2514.74	-169.7	2.160374	887.7782	443	0
296	0	-1971.86	-1805.89	-165.964	1.044116	887.319	0.1347743	0.13551
297	1	-2684.98	-2515.28	-169.7	2.160374	887.838	443	0
298	0	-1966.15	-1800.19	-165.964	1.044116	887.2927	0.1352957	0.13551
299	1	-2689.28	-2519.58	-169.7	2.160374	887.8792	443	0
300	0	-1964.97	-1799.01	-165.964	1.044116	887.1685	0.1408717	0.13551
301	1	-2683.86	-2514.16	-169.7	2.160374	887.8588	443	0
302	0	-1970.76	-1804.79	-165.964	1.044116	887.2668	0.1357989	0.13551
303	1	-2681.58	-2511.88	-169.7	2.160374	887.8489	443	0
304	0	-1966.79	-1800.82	-165.964	1.044116	887.3158	0.1325732	0.13551
305	1	-2689.8	-2520.1	-169.7	2.160374	887.9138	443	0
306	0	-1966.1	-1800.14	-165.964	1.044116	887.3224	0.1464227	0.13551
307	1	-2681.22	-2511.52	-169.7	2.160374	887.9475	443	0
308	0	-1964.09	-1798.13	-165.964	1.044116	887.2407	0.1384357	0.13551
309	1	-2683.27	-2513.57	-169.7	2.160374	887.8037	443	0
310	0	-1965	-1799.04	-165.964	1.044116	887.1994	0.1396186	0.13551
311	1	-2681.6	-2511.9	-169.7	2.160374	887.8658	443	0
312	0	-1965.77	-1799.81	-165.964	1.044116	887.2452	0.142547	0.13551
313	1	-2681.13	-2511.43	-169.7	2.160374	887.882	443	0
314	0	-1969.58	-1803.62	-165.964	1.044116	887.2897	0.1445044	0.13551
315	1	-2683.51	-2513.81	-169.7	2.160374	887.9838	443	0
316	0	-1970.63	-1804.67	-165.964	1.044116	887.2791	0.1490181	0.13551
317	1	-2684.67	-2514.97	-169.7	2.160374	888.0435	443	0
318	0	-1974.97	-1809.01	-165.964	1.044116	887.2404	0.1456742	0.13551
319	1	-2682.08	-2512.38	-169.7	2.160374	887.9685	443	0
320	0	-1967.57	-1801.6	-165.964	1.044116	887.1633	0.1425483	0.13551
321	1	-2683.06	-2513.36	-169.7	2.160374	888.0169	443	0
322	0	-1969.35	-1803.38	-165.964	1.044116	887.1497	0.1401221	0.13551
323	1	-2683.39	-2513.69	-169.7	2.160374	887.9463	443	0
324	0	-1969.93	-1803.97	-165.964	1.044116	887.2195	0.1585404	0.13551
325	1	-2684.81	-2515.11	-169.7	2.160374	888.0039	443	0
326	0	-1971.27	-1805.3	-165.964	1.044116	887.287	0.1492843	0.13551
327	1	-2688.49	-2518.79	-169.7	2.160374	888.0441	443	0
328	0	-1965.35	-1799.39	-165.964	1.044116	887.1433	0.1316007	0.13551
329	1	-2687.76	-2518.06	-169.7	2.160374	888.0109	443	0
330	0	-1969.28	-1803.31	-165.964	1.044116	887.347	0.1496042	0.13551
331	1	-2686.5	-2516.8	-169.7	2.160374	888.041	443	0
332	0	-1971.28	-1805.32	-165.964	1.044116	887.3222	0.1296441	0.13551
333	1	-2686.74	-2517.04	-169.7	2.160374	888.0553	443	0
334	0	-1972.23	-1806.26	-165.964	1.044116	887.3949	0.1450644	0.13551
335	1	-2686.34	-2516.64	-169.7	2.160374	888.0247	443	0
336	0	-1964.63	-1798.66	-165.964	1.044116	887.2723	0.1349384	0.13551
337	1	-2684.08	-2514.38	-169.7	2.160374	887.9949	443	0
338	0	-1963.98	-1798.01	-165.964	1.044116	887.2574	0.1416128	0.13551
339	1	-2681.41	-2511.71	-169.7	2.160374	888.0348	443	0
340	0	-1969.9	-1803.94	-165.964	1.044116	887.1457	0.1388055	0.13551
341	1	-2681.82	-2512.12	-169.7	2.160374	888.0475	443	0
342	0	-1975.48	-1809.51	-165.964	1.044116	887.1624	0.16246	0.13551
343	1	-2692.76	-2523.06	-169.7	2.160374	888.111	443	0
344	0	-1966.47	-1800.5	-165.964	1.044116	887.2794	0.1342032	0.13551
345	1	-2685.42	-2515.72	-169.7	2.160374	888.08	443	0
346	0	-1963.81	-1797.84	-165.964	1.044116	887.2401	0.1397913	0.13551
347	1	-2688.41	-2518.71	-169.7	2.160374	888.1204	443	0
348	0	-1968.18	-1802.21	-165.964	1.044116	887.0821	0.1388018	0.13551
349	1	-2688.2	-2518.5	-169.7	2.160374	888.1021	443	0
350	0	-1967.45	-1801.48	-165.964	1.044116	887.1453	0.1488581	0.13551
351	1	-2689.48	-2519.78	-169.7	2.160374	888.0052	443	0
352	0	-1970.54	-1804.58	-165.964	1.044116	887.174	0.1449131	0.13551
353	1	-2683.64	-2513.94	-169.7	2.160374	887.9721	443	0
354	0	-1971.42	-1805.46	-165.964	1.044116	887.2922	0.1368818	0.13551
355	1	-2686	-2516.3	-169.7	2.160374	888.0222	443	0
356	0	-1973.54	-1807.58	-165.964	1.044116	887.3817	0.1603888	0.13551
357	1	-2683.1	-2513.4	-169.7	2.160374	887.9429	443	0
358	0	-1964.23	-1798.27	-165.964	1.044116	887.2118	0.1399297	0.13551
359	1	-2683.35	-2513.65	-169.7	2.160374	888.0418	443	0
360	0	-1968.24	-1802.28	-165.964	1.044116	887.3493	0.1500496	0.13551
361	1	-2688.78	-2519.08	-169.7	2.160374	887.9279	443	0
362	0	-1967.06	-1801.1	-165.964	1.044116	887.2032	0.148873	0.13551
363	1	-2686.61	-2516.91	-169.7	2.160374	888.034	443	0
364	0	-1967.13	-1801.16	-165.964	1.044116	887.2403	0.1315601	0.13551
365	1	-2684.64	-2514.94	-169.7	2.160374	888.0307	443	0
366	0	-1966.34	-1800.38	-165.964	1.044116	887.218	0.1338015	0.13551
367	1	-2688.44	-2518.74	-169.7	2.160374	887.9582	443	0
368	0	-1966.25	-1800.29	-165.964	1.044116	887.1891	0.1422691	0.13551
369	1	-2683.73	-2514.03	-169.7	2.160374	887.9996	443	0
370	0	-1965.91	-1799.94	-165.964	1.044116	887.2617	0.1394639	0.13551
371	1	-2683.87	-2514.17	-169.7	2.160374	888.0696	443	0
372	0	-1967.61	-1801.65	-165.964	1.044116	887.1096	0.1405621	0.13551
373	1	-2688.66	-2518.96	-169.7	2.160374	888.0707	443	0
374	0	-1974.95	-1808.98	-165.964	1.044116	887.1624	0.1313166	0.13551
375	1	-2690.5	-2520.8	-169.7	2.160374	888.0663	443	0
376	0	-1974.5	-1808.53	-165.964	1.044116	887.0634	0.1327397	0.13551
377	1	-2680.86	-2511.16	-169.7	2.160374	887.9917	443	0
378	0	-1967.9	-1801.93	-165.964	1.044116	887.1846	0.1373983	0.13551
379	1	-2681.75	-2512.05	-169.7	2.160374	887.9903	443	0
380	0	-1967.13	-1801.16	-165.964	1.044116	887.2854	0.1394756	0.13551
381	1	-2677.9	-2508.2	-169.7	2.160374	887.9899	443	0
382	0	-1967.93	-1801.97	-165.964	1.044116	887.2639	0.1421274	0.13551
383	1	-2678.66	-2508.96	-169.7	2.160374	887.9384	443	0
384	0	-1968.41	-1802.44	-165.964	1.044116	887.2379	0.1408071	0.13551
385	1	-2684.44	-2514.74	-169.7	2.160374	887.9554	443	0
386	0	-1975.17	-1809.2	-165.964	1.044116	887.4228	0.1583253	0.13551
387	1	-2627.59	-2457.89	-169.7	2.160374	887.7823	443	0
388	0	-1972.25	-1806.28	-165.964	1.044116	887.1925	0.1516973	0.13551
389	1	-2623.36	-2453.66	-169.7	2.160374	887.7696	443	0
390	0	-1967.05	-1801.08	-165.964	1.044116	887.2511	0.1385934	0.13551
391	1	-2634.56	-2464.86	-169.7	2.160374	887.6631	443	0
392	0	-1972.4	-1806.44	-165.964	1.044116	887.3223	0.158333	0.13551
393	1	-2630.41	-2460.71	-169.7	2.160374	887.7367	443	0
394	0	-1971.19	-1805.22	-165.964	1.044116	887.3703	0.1458559	0.13551
395	1	-2630.53	-2460.83	-169.7	2.160374	887.8217	443	0
396	0	-1971.53	-1805.57	-165.964	1.044116	887.3107	0.1420615	0.13551
397	1	-2630.42	-2460.72	-169.7	2.160374	887.8423	443	0
398	0	-1967.82	-1801.85	-165.964	1.044116	887.1618	0.1483391	0.13551
399	1	-2627.39	-2457.69	-169.7	2.160374	887.6693	443	0
400	0	-1967.78	-1801.82	-165.964	1.044116	887.1697	0.1536198	0.13551
401	1	-2627.13	-2457.43	-169.7	2.160374	887.7215	443	0
402	0	-1964.86	-1798.9	-165.964	1.044116	887.1731	0.1408102	0.13551
403	1	-2633.04	-2463.34	-169.7	2.160374	887.6621	443	0
404	0	-1969.25	-1803.29	-165.964	1.044116	887.2104	0.1516498	0.13551
405	1	-2622.5	-2452.8	-169.7	2.160374	887.7221	443	0
406	0	-1966.69	-1800.73	-165.964	1.044116	887.2732	0.1366615	0.13551
407	1	-2624.55	-2454.85	-169.7	2.160374	887.7475	443	0
408	0	-1968.6	-1802.64	-165.964	1.044116	887.2129	0.1436565	0.13551
409	1	-2625.62	-2455.92	-169.7	2.160374	887.6603	443	0
410	0	-1971.86	-1805.9	-165.964	1.044116	887.3639	0.1333951	0.13551
411	1	-2627.04	-2457.34	-169.7	2.160374	887.5872	443	0
412	0	-1965	-1799.03	-165.964	1.044116	887.2509	0.1394746	0.13551
413	1	-2631.54	-2461.84	-169.7	2.160374	887.5641	443	0
414	0	-1965.56	-1799.6	-165.964	1.044116	887.2199	0.1437026	0.13551
415	1	-2633.4	-2463.7	-169.7	2.160374	887.669	443	0
416	0	-1970.1	-1804.13	-165.964	1.044116	887.2697	0.1320124	0.13551
417	1	-2630.94	-2461.24	-169.7	2.160374	887.7465	443	0
418	0	-1965.59	-1799.63	-165.964	1.044116	887.1852	0.1476817	0.13551
419	1	-2636.73	-2467.03	-169.7	2.160374	887.5747	443	0
420	0	-1966.52	-1800.56	-165.964	1.044116	887.3002	0.143431	0.13551
421	1	-2628.41	-2458.71	-169.7	2.160374	887.7265	443	0
422	0	-1968.8	-1802.84	-165.964	1.044116	887.3275	0.1350851	0.13551
423	1	-2626.33	-2456.63	-169.7	2.160374	887.6636	443	0
424	0	-1967.24	-1801.27	-165.964	1.044116	887.255	0.1449269	0.13551
425	1	-2631.16	-2461.46	-169.7	2.160374	887.6622	443	0
426	0	-1966.6	-1800.64	-165.964	1.044116	887.1675	0.1449269	0.13551
427	1	-2623.89	-2454.19	-169.7	2.160374	887.6202	443	0
428	0	-1971.16	-1805.19	-165.964	1.044116	887.1789	0.1439652	0.13551
429	1	-2631.27	-2461.57	-169.7	2.160374	887.721	443	0
430	0	-1969.7	-1803.74	-165.964	1.044116	887.1859	0.1334498	0.13551
431	1	-2629.09	-2459.39	-169.7	2.160374	887.7306	443	0
432	0	-1971.52	-1805.56	-165.964	1.044116	887.1978	0.1314613	0.13551
433	1	-2624.2	-2454.5	-169.7	2.160374	887.7636	443	0
434	0	-1974.86	-1808.9	-165.964	1.044116	887.3154	0.1330748	0.13551
435	1	-2629.05	-2459.35	-169.7	2.160374	887.6886	443	0
436	0	-1971.38	-1805.42	-165.964	1.044116	887.3696	0.1683105	0.13551
437	1	-2629.22	-2459.52	-169.7	2.160374	887.7311	443	0
438	0	-1968.6	-1802.63	-165.964	1.044116	887.2562	0.1385628	0.13551
439	1	-2625.24	-2455.54	-169.7	2.160374	887.6748	443	0
440	0	-1964.33	-1798.37	-165.964	1.044116	887.2609	0.1525674	0.13551
441	1	-2626.53	-2456.83	-169.7	2.160374	887.6183	443	0
442	0	-1968.92	-1802.96	-165.964	1.044116	887.3908	0.1468053	0.13551
443	1	-2628.4	-2458.7	-169.7	2.160374	887.6841	443	0
444	0	-1967.13	-1801.17	-165.964	1.044116	887.2429	0.1461385	0.13551
445	1	-2625.14	-2455.44	-169.7	2.160374	887.7309	443	0
446	0	-1968.66	-1802.69	-165.964	1.044116	887.2483	0.1312003	0.13551
447	1	-2622.65	-2452.95	-169.7	2.160374	887.7454	443	0
448	0	-1968.48	-1802.52	-165.964	1.044116	887.2947	0.1473785	0.13551
449	1	-2625.24	-2455.54	-169.7	2.160374	887.6968	443	0
450	0	-1969.12	-1803.16	-165.964	1.044116	887.3235	0.1461768	0.13551
451	1	-2627.72	-2458.02	-169.7	2.160374	887.6428	443	0
452	0	-1967.75	-1801.79	-165.964	1.044116	887.1765	0.1404795	0.13551
453	1	-2626.24	-2456.54	-169.7	2.160374	887.6478	443	0
454	0	-1965.58	-1799.62	-165.964	1.044116	887.1325	0.1406081	0.13551
455	1	-2626.1	-2456.4	-169.7	2.160374	887.7322	443	0
456	0	-1968.5	-1802.54	-165.964	1.044116	887.1131	0.1334036	0.13551
457	1	-2627.94	-2458.24	-169.7	2.160374	887.6712	443	0
458	0	-1968.34	-1802.37	-165.964	1.044116	887.3237	0.1474042	0.13551
459	1	-2631.68	-2461.98	-169.7	2.160374	887.8286	443	0
460	0	-1969.14	-1803.17	-165.964	1.044116	887.3071	0.1403831	0.13551
461	1	-2633.32	-2463.62	-169.7	2.160374	887.9027	443	0
462	0	-1970.02	-1804.05	-165.964	1.044116	887.2103	0.138518	0.13551
463	1	-2631.93	-2462.23	-169.7	2.160374	887.9258	443	0
464	0	-1966.04	-1800.08	-165.964	1.044116	887.2344	0.139489	0.13551
465	1	-2628.3	-2458.6	-169.7	2.160374	887.9078	443	0
466	0	-1969.97	-1804.01	-165.964	1.044116	887.2438	0.139118	0.13551
467	1	-2634.95	-2465.25	-169.7	2.160374	887.8066	443	0
468	0	-1963.61	-1797.65	-165.964	1.044116	887.2218	0.1382558	0.13551
469	1	-2624.62	-2454.92	-169.7	2.160374	887.7835	443	0
470	0	-1964.77	-1798.81	-165.964	1.044116	887.2491	0.1464096	0.13551
471	1	-2626.63	-2456.93	-169.7	2.160374	887.9177	443	0
472	0	-1970.64	-1804.68	-165.964	1.044116	887.1839	0.129805	0.13551
473	1	-2629.66	-2459.96	-169.7	2.160374	888.0125	443	0
474	0	-1966.39	-1800.43	-165.964	1.044116	887.2154	0.1360397	0.13551
475	1	-2634.2	-2464.5	-169.7	2.160374	887.9143	443	0
476	0	-1969.29	-1803.33	-165.964	1.044116	887.3164	0.1354911	0.13551
477	1	-2633.59	-2463.89	-169.7	2.160374	887.7915	443	0
478	0	-1970.27	-1804.31	-165.964	1.044116	887.3391	0.1436447	0.13551
479	1	-2625.36	-2455.66	-169.7	2.160374	887.6786	443	0
480	0	-1963.52	-1797.55	-165.964	1.044116	887.2319	0.139385	0.13551
481	1	-2628.25	-2458.55	-169.7	2.160374	887.8407	443	0
482	0	-1962.12	-1796.16	-165.964	1.044116	887.1221	0.1346043	0.13551
483	1	-2629.37	-2459.67	-169.7	2.160374	887.8864	443	0
484	0	-1969.59	-1803.63	-165.964	1.044116	887.1965	0.1364721	0.13551
485	1	-2624.3	-2454.6	-169.7	2.160374	887.7159	443	0
486	0	-1967.89	-1801.93	-165.964	1.044116	887.357	0.1352783	0.13551
487	1	-2625.05	-2455.35	-169.7	2.160374	887.7166	443	0
488	0	-1967.14	-1801.18	-165.964	1.044116	887.2527	0.131261	0.13551
489	1	-2628.35	-2458.65	-169.7	2.160374	887.6658	443	0
490	0	-1967.35	-1801.38	-165.964	1.044116	887.1978	0.1389612	0.13551
491	1	-2632.8	-2463.1	-169.7	2.160374	887.829	443	0
492	0	-1964.68	-1798.72	-165.964	1.044116	887.2896	0.1425087	0.13551
493	1	-2634.15	-2464.45	-169.7	2.160374	887.8751	443	0
494	0	-1971.81	-1805.84	-165.964	1.044116	887.1929	0.1329587	0.13551
495	1	-2625.37	-2455.67	-169.7	2.160374	887.8381	443	0
496	0	-1970.68	-1804.72	-165.964	1.044116	887.3354	0.1470923	0.13551
497	1	-2624.27	-2454.57	-169.7	2.160374	887.732	443	0
498	0	-1969.72	-1803.76	-165.964	1.044116	887.1676	0.1388035	0.13551
499	1	-2627.43	-2457.73	-169.7	2.160374	887.7569	443	0
500	0	-1966.47	-1800.51	-165.964	1.044116	887.1869	0.148009	0.13551
501	1	-2625.28	-2455.58	-169.7	2.160374	887.8589	443	0
502	0	-1973.57	-1807.6	-165.964	1.044116	887.3095	0.1334918	0.13551
503	1	-2628.02	-2458.32	-169.7	2.160374	887.9051	443	0
504	0	-1964.09	-1798.12	-165.964	1.044116	887.1194	0.1336381	0.13551
505	1	-2626.41	-2456.71	-169.7	2.160374	887.8273	443	0
506	0	-1966.97	-1801.01	-165.964	1.044116	887.2812	0.1518083	0.13551
507	1	-2626.82	-2457.12	-169.7	2.160374	887.889	443	0
508	0	-1969.85	-1803.89	-165.964	1.044116	887.215	0.1453355	0.13551
509	1	-2630.07	-2460.37	-169.7	2.160374	888.0193	443	0
510	0	-1973.83	-1807.86	-165.964	1.044116	887.3719	0.1623915	0.13551
511	1	-2629.51	-2459.81	-169.7	2.160374	887.8317	443	0
512	0	-1970.14	-1804.17	-165.964	1.044116	887.2708	0.1436357	0.13551
513	1	-2628.17	-2458.47	-169.7	2.160374	887.74	443	0
514	0	-1970.4	-1804.44	-165.964	1.044116	887.3133	0.1531581	0.13551
515	1	-2627.56	-2457.86	-169.7	2.160374	887.7227	443	0
516	0	-1966.14	-1800.18	-165.964	1.044116	887.2099	0.132455	0.13551
517	1	-2627.13	-2457.43	-169.7	2.160374	887.7773	443	0
518	0	-1965.52	-1799.55	-165.964	1.044116	887.2915	0.1368644	0.13551
519	1	-2625.61	-2455.91	-169.7	2.160374	887.743	443	0
520	0	-1965.43	-1799.47	-165.964	1.044116	887.2167	0.1369806	0.13551
521	1	-2624.89	-2455.19	-169.7	2.160374	887.8049	443	0
522	0	-1966.38	-1800.42	-165.964	1.044116	887.3212	0.1430383	0.13551
523	1	-2627.36	-2457.66	-169.7	2.160374	887.7043	443	0
524	0	-1967.92	-1801.95	-165.964	1.044116	887.274	0.1376349	0.13551
525	1	-2627.06	-2457.36	-169.7	2.160374	887.6937	443	0
526	0	-1967.77	-1801.81	-165.964	1.044116	887.1876	0.1300815	0.13551
527	1	-2630.38	-2460.68	-169.7	2.160374	887.988	443	0
528	0	-1968.36	-1802.4	-165.964	1.044116	887.2702	0.1302861	0.13551
529	1	-2627.35	-2457.65	-169.7	2.160374	887.8776	443	0
530	0	-1970.3	-1804.34	-165.964	1.044116	887.362	0.1566777	0.13551
531	1	-2633.69	-2463.99	-169.7	2.160374	887.8385	443	0
532	0	-1963.23	-1797.26	-165.964	1.044116	887.2403	0.1444527	0.13551
533	1	-2630.94	-2461.24	-169.7	2.160374	887.8677	443	0
534	0	-1968.76	-1802.8	-165.964	1.044116	887.3365	0.1523229	0.13551
535	1	-2629.69	-2459.99	-169.7	2.160374	887.9085	443	0
536	0	-1966.9	-1800.94	-165.964	1.044116	887.1853	0.1347429	0.13551
537	1	-2630.81	-2461.11	-169.7	2.160374	887.8404	443	0
538	0	-1968.64	-1802.68	-165.964	1.044116	887.258	0.155103	0.13551
539	1	-2625.35	-2455.65	-169.7	2.160374	887.8399	443	0
540	0	-1965.45	-1799.49	-165.964	1.044116	887.2891	0.1424318	0.13551
541	1	-2625.57	-2455.87	-169.7	2.160374	887.7339	443	0
542	0	-1965.11	-1799.15	-165.964	1.044116	887.1797	0.1428765	0.13551
543	1	-2626.04	-2456.34	-169.7	2.160374	887.7522	443	0
544	0	-1965.32	-1799.36	-165.964	1.044116	887.1952	0.1458869	0.13551
545	1	-2626.17	-2456.47	-169.7	2.160374	887.8415	443	0
546	0	-1966.06	-1800.1	-165.964	1.044116	887.1247	0.1413866	0.13551
547	1	-2629.66	-2459.96	-169.7	2.160374	887.7029	443	0
548	0	-1968.42	-1802.46	-165.964	1.044116	887.1698	0.1414464	0.13551
549	1	-2627.92	-2458.22	-169.7	2.160374	887.8556	443	0
550	0	-1967.74	-1801.77	-165.964	1.044116	887.2199	0.1509423	0.13551
551	1	-2629.56	-2459.86	-169.7	2.160374	887.7469	443	0
552	0	-1966.79	-1800.83	-165.964	1.044116	887.2817	0.141802	0.13551
553	1	-2632.59	-2462.89	-169.7	2.160374	887.8066	443	0
554	0	-1965.23	-1799.26	-165.964	1.044116	887.2681	0.1459721	0.13551
555	1	-2623.65	-2453.95	-169.7	2.160374	887.8627	443	0
556	0	-1970.13	-1804.17	-165.964	1.044116	887.3101	0.1374842	0.13551
557	1	-2628.23	-2458.53	-169.7	2.160374	887.8859	443	0
558	0	-1969.76	-1803.79	-165.964	1.044116	887.2706	0.1322283	0.13551
559	1	-2632.96	-2463.26	-169.7	2.160374	887.8291	443	0
560	0	-1965.8	-1799.84	-165.964	1.044116	887.2718	0.1380887	0.13551
561	1	-2635.2	-2465.5	-169.7	2.160374	887.8303	443	0
562	0	-1965.13	-1799.16	-165.964	1.044116	887.1628	0.1469395	0.13551
563	1	-2631.58	-2461.88	-169.7	2.160374	887.8073	443	0
564	0	-1969.12	-1803.16	-165.964	1.044116	887.1835	0.1405657	0.13551
565	1	-2627.54	-2457.84	-169.7	2.160374	887.8561	443	0
566	0	-1966.51	-1800.55	-165.964	1.044116	887.1936	0.1497639	0.13551
567	1	-2630.79	-2461.09	-169.7	2.160374	887.7916	443	0
568	0	-1963.99	-1798.02	-165.964	1.044116	887.2202	0.1369464	0.13551
569	1	-2628.58	-2458.88	-169.7	2.160374	887.7545	443	0
570	0	-1964.44	-1798.48	-165.964	1.044116	887.249	0.1329402	0.13551
571	1	-2624.6	-2454.9	-169.7	2.160374	887.871	443	0
572	0	-1975.79	-1809.83	-165.964	1.044116	887.3354	0.1325682	0.13551
573	1	-2628.77	-2459.07	-169.7	2.160374	887.9186	443	0
574	0	-1969.97	-1804	-165.964	1.044116	887.2937	0.1380389	0.13551
575	1	-2628.02	-2458.32	-169.7	2.160374	887.881	443	0
576	0	-1970.98	-1805.02	-165.964	1.044116	887.25	0.1399067	0.13551
577	1	-2625.96	-2456.26	-169.7	2.160374	887.7593	443	0
578	0	-1964.18	-1798.22	-165.964	1.044116	887.1195	0.134755	0.13551
579	1	-2624.62	-2454.92	-169.7	2.160374	887.8062	443	0
580	0	-1964.09	-1798.12	-165.964	1.044116	887.2115	0.1410853	0.13551
581	1	-2626.97	-2457.27	-169.7	2.160374	887.8527	443	0
582	0	-1969.59	-1803.62	-165.964	1.044116	887.3638	0.1332692	0.13551
583	1	-2624.26	-2454.56	-169.7	2.160374	887.7673	443	0
584	0	-1967.93	-1801.96	-165.964	1.044116	887.2567	0.1300651	0.13551
585	1	-2624.04	-2454.34	-169.7	2.160374	887.7259	443	0
586	0	-1965.44	-1799.48	-165.964	1.044116	887.1674	0.1433023	0.13551
587	1	-2624.92	-2455.22	-169.7	2.160374	887.7501	443	0
588	0	-1964.53	-1798.56	-165.964	1.044116	887.1482	0.145359	0.13551
589	1	-2625.01	-2455.31	-169.7	2.160374	887.8333	443	0
590	0	-1967.48	-1801.52	-165.964	1.044116	887.266	0.1316812	0.13551
591	1	-2623.91	-2454.21	-169.7	2.160374	887.7677	443	0
592	0	-1978.23	-1812.27	-165.964	1.044116	887.3177	0.1492129	0.13551
593	1	-2625.52	-2455.82	-169.7	2.160374	887.7939	443	0
594	0	-1966.72	-1800.76	-165.964	1.044116	887.2356	0.1534324	0.13551
595	1	-2623.66	-2453.96	-169.7	2.160374	887.7997	443	0
596	0	-1974.44	-1808.48	-165.964	1.044116	887.4115	0.1379847	0.13551
597	1	-2623.55	-2453.85	-169.7	2.160374	887.7891	443	0
598	0	-1965.11	-1799.14	-165.964	1.044116	887.2684	0.1352237	0.13551
599	1	-2629.96	-2460.26	-169.7	2.160374	887.8605	443	0
600	0	-1966.07	-1800.11	-165.964	1.044116	887.2021	0.1353486	0.13551
601	1	-2627.31	-2457.61	-169.7	2.160374	887.9128	443	0
