Iteration	Posterior	Likelihood	Prior	clock_time	TL	tmrca_Holocephalans_A	tmrca_Holocephalans_B
0	-2740.6	-2570.9	-169.7	2.160374	888.0866	443	0
10	-2746.46	-2576.76	-169.7	2.160374	888.115	443	0
20	-2748.22	-2578.52	-169.7	2.160374	888.2176	443	0
30	-2743.05	-2573.35	-169.7	2.160374	888.1049	443	0
40	-2737.77	-2568.07	-169.7	2.160374	888.0396	443	0
50	-2739.61	-2569.91	-169.7	2.160374	888.0853	443	0
60	-2739.24	-2569.54	-169.7	2.160374	888.1339	443	0
70	-2736.1	-2566.4	-169.7	2.160374	888.1562	443	0
80	-2740.22	-2570.52	-169.7	2.160374	888.0817	443	0
90	-2738.88	-2569.18	-169.7	2.160374	888.0575	443	0
100	-2739.59	-2569.89	-169.7	2.160374	888.0552	443	0
110	-2742.21	-2572.51	-169.7	2.160374	888.0286	443	0
120	-2744.72	-2575.02	-169.7	2.160374	887.9826	443	0
130	-2715.14	-2545.44	-169.7	2.160374	887.9852	443	0
140	-2719.5	-2549.8	-169.7	2.160374	888.0016	443	0
150	-2717.86	-2548.16	-169.7	2.160374	888.0583	443	0
160	-2718.93	-2549.23	-169.7	2.160374	888.067	443	0
170	-2718.76	-2549.06	-169.7	2.160374	888.0772	443	0
180	-2715.51	-2545.81	-169.7	2.160374	888.103	443	0
190	-2716.81	-2547.11	-169.7	2.160374	887.9901	443	0
200	-2716.1	-2546.4	-169.7	2.160374	887.9713	443	0
210	-2715.86	-2546.16	-169.7	2.160374	888.024	443	0
220	-2725.85	-2556.15	-169.7	2.160374	888.0031	443	0
230	-2714.62	-2544.92	-169.7	2.160374	888.014	443	0
240	-2719.49	-2549.79	-169.7	2.160374	887.8924	443	0
250	-2714.27	-2544.57	-169.7	2.160374	888.0563	443	0
260	-2715.67	-2545.97	-169.7	2.160374	888.029	443	0
270	-2716.24	-2546.54	-169.7	2.160374	888.0987	443	0
280	-2725.68	-2555.98	-169.7	2.160374	887.9893	443	0
290	-2722.87	-2553.17	-169.7	2.160374	888.192	443	0
300	-2723.83	-2554.13	-169.7	2.160374	888.1341	443	0
310	-2720.03	-2550.33	-169.7	2.160374	888.1394	443	0
320	-2721.14	-2551.44	-169.7	2.160374	888.1168	443	0
330	-2720.38	-2550.68	-169.7	2.160374	887.9737	443	0
340	-2722.54	-2552.84	-169.7	2.160374	888.0987	443	0
350	-2720.41	-2550.71	-169.7	2.160374	888.0478	443	0
360	-2718.45	-2548.75	-169.7	2.160374	888.0307	443	0
370	-2724.63	-2554.93	-169.7	2.160374	888.1569	443	0
380	-2724.06	-2554.36	-169.7	2.160374	888.1938	443	0
390	-2724.93	-2555.23	-169.7	2.160374	888.2542	443	0
400	-2730.3	-2560.6	-169.7	2.160374	888.0931	443	0
410	-2690.22	-2520.52	-169.7	2.160374	888.0986	443	0
420	-2692.11	-2522.41	-169.7	2.160374	888.1546	443	0
430	-2695.39	-2525.69	-169.7	2.160374	888.1135	443	0
440	-2688.95	-2519.25	-169.7	2.160374	888.1291	443	0
450	-2696.14	-2526.44	-169.7	2.160374	888.1373	443	0
460	-2687.96	-2518.26	-169.7	2.160374	888.097	443	0
470	-2690.22	-2520.52	-169.7	2.160374	888.0712	443	0
480	-2693.26	-2523.56	-169.7	2.160374	887.9531	443	0
490	-2693.34	-2523.64	-169.7	2.160374	887.9748	443	0
500	-2694.89	-2525.19	-169.7	2.160374	887.9483	443	0
510	-2691.02	-2521.32	-169.7	2.160374	887.9955	443	0
520	-2694.28	-2524.58	-169.7	2.160374	887.956	443	0
530	-2693.26	-2523.56	-169.7	2.160374	887.9722	443	0
540	-2691.24	-2521.54	-169.7	2.160374	887.9955	443	0
550	-2699.58	-2529.88	-169.7	2.160374	887.9669	443	0
560	-2696.87	-2527.17	-169.7	2.160374	888.151	443	0
570	-2692.71	-2523.01	-169.7	2.160374	888.0707	443	0
580	-2690.1	-2520.4	-169.7	2.160374	888.037	443	0
590	-2692.84	-2523.14	-169.7	2.160374	887.8876	443	0
600	-2695.01	-2525.31	-169.7	2.160374	888.0527	443	0
610	-2688.81	-2519.11	-169.7	2.160374	887.9289	443	0
620	-2686.71	-2517.01	-169.7	2.160374	888.0174	443	0
630	-2687.6	-2517.9	-169.7	2.160374	887.9998	443	0
640	-2690.59	-2520.89	-169.7	2.160374	887.9694	443	0
650	-2694.26	-2524.56	-169.7	2.160374	887.9878	443	0
660	-2694.5	-2524.8	-169.7	2.160374	887.9746	443	0
670	-2698.31	-2528.61	-169.7	2.160374	887.9249	443	0
680	-2695.67	-2525.97	-169.7	2.160374	887.954	443	0
690	-2696.49	-2526.79	-169.7	2.160374	887.9665	443	0
700	-2691.4	-2521.7	-169.7	2.160374	887.9866	443	0
710	-2689.35	-2519.65	-169.7	2.160374	887.9528	443	0
720	-2690.55	-2520.85	-169.7	2.160374	887.9909	443	0
730	-2687.84	-2518.14	-169.7	2.160374	887.9667	443	0
740	-2689.92	-2520.22	-169.7	2.160374	887.9245	443	0
750	-2686.64	-2516.94	-169.7	2.160374	887.9967	443	0
760	-2689.21	-2519.51	-169.7	2.160374	887.9725	443	0
770	-2693.95	-2524.25	-169.7	2.160374	888.0163	443	0
780	-2690.2	-2520.5	-169.7	2.160374	888.0353	443	0
790	-2692.39	-2522.69	-169.7	2.160374	888.0338	443	0
800	-2690.61	-2520.91	-169.7	2.160374	888.0816	443	0
810	-2686.62	-2516.92	-169.7	2.160374	888.0136	443	0
820	-2693.86	-2524.16	-169.7	2.160374	887.9919	443	0
830	-2691.96	-2522.26	-169.7	2.160374	887.9065	443	0
840	-2688.18	-2518.48	-169.7	2.160374	888.0018	443	0
850	-2692.56	-2522.86	-169.7	2.160374	887.8949	443	0
860	-2692.39	-2522.69	-169.7	2.160374	888.0347	443	0
870	-2694.67	-2524.97	-169.7	2.160374	888.0015	443	0
880	-2688.57	-2518.87	-169.7	2.160374	888.074	443	0
890	-2690.62	-2520.92	-169.7	2.160374	887.988	443	0
900	-2687.52	-2517.82	-169.7	2.160374	888.0565	443	0
910	-2688.74	-2519.04	-169.7	2.160374	887.9644	443	0
920	-2690.35	-2520.65	-169.7	2.160374	888.014	443	0
930	-2689.86	-2520.16	-169.7	2.160374	888.0102	443	0
940	-2689.37	-2519.67	-169.7	2.160374	887.9944	443	0
950	-2690.81	-2521.11	-169.7	2.160374	888.0283	443	0
960	-2689.01	-2519.31	-169.7	2.160374	887.9605	443	0
970	-2690.97	-2521.27	-169.7	2.160374	887.9706	443	0
980	-2686.31	-2516.61	-169.7	2.160374	887.871	443	0
990	-2688.7	-2519	-169.7	2.160374	887.9084	443	0
1000	-2686.6	-2516.9	-169.7	2.160374	887.9984	443	0
1010	-2690.98	-2521.28	-169.7	2.160374	887.9677	443	0
1020	-2692.78	-2523.08	-169.7	2.160374	887.9246	443	0
1030	-2697.17	-2527.47	-169.7	2.160374	888.0972	443	0
1040	-2694.8	-2525.1	-169.7	2.160374	888.0557	443	0
1050	-2697.66	-2527.96	-169.7	2.160374	888.0339	443	0
1060	-2694.04	-2524.34	-169.7	2.160374	888.1252	443	0
1070	-2693.81	-2524.11	-169.7	2.160374	887.9963	443	0
1080	-2695.57	-2525.87	-169.7	2.160374	887.9698	443	0
1090	-2681.86	-2512.16	-169.7	2.160374	888.0146	443	0
1100	-2686.96	-2517.26	-169.7	2.160374	888.0248	443	0
1110	-2682.95	-2513.25	-169.7	2.160374	888.0741	443	0
1120	-2683.69	-2513.99	-169.7	2.160374	887.966	443	0
1130	-2681.72	-2512.02	-169.7	2.160374	888.0081	443	0
1140	-2679.37	-2509.67	-169.7	2.160374	887.9501	443	0
1150	-2686.9	-2517.2	-169.7	2.160374	888.0906	443	0
1160	-2693.11	-2523.41	-169.7	2.160374	888.1416	443	0
1170	-2688.15	-2518.45	-169.7	2.160374	888.1665	443	0
1180	-2686.31	-2516.61	-169.7	2.160374	888.0034	443	0
1190	-2688.13	-2518.43	-169.7	2.160374	888.1319	443	0
1200	-2685.64	-2515.94	-169.7	2.160374	888.0094	443	0
1210	-2681.86	-2512.16	-169.7	2.160374	888.0142	443	0
1220	-2689.18	-2519.48	-169.7	2.160374	887.9045	443	0
1230	-2685.56	-2515.86	-169.7	2.160374	887.8548	443	0
1240	-2687.03	-2517.33	-169.7	2.160374	887.8901	443	0
1250	-2686.24	-2516.54	-169.7	2.160374	887.8875	443	0
1260	-2686.43	-2516.73	-169.7	2.160374	888.0064	443	0
1270	-2685.32	-2515.62	-169.7	2.160374	888.0582	443	0
1280	-2681.95	-2512.25	-169.7	2.160374	887.9482	443	0
1290	-2688.02	-2518.32	-169.7	2.160374	887.9018	443	0
1300	-2687.67	-2517.97	-169.7	2.160374	887.9386	443	0
1310	-2681.96	-2512.26	-169.7	2.160374	888.0598	443	0
1320	-2681.61	-2511.91	-169.7	2.160374	887.9969	443	0
1330	-2684.46	-2514.76	-169.7	2.160374	888.0128	443	0
1340	-2684.93	-2515.23	-169.7	2.160374	888.0022	443	0
1350	-2682.88	-2513.18	-169.7	2.160374	887.9988	443	0
1360	-2687.04	-2517.34	-169.7	2.160374	887.8468	443	0
1370	-2692.6	-2522.9	-169.7	2.160374	887.8917	443	0
1380	-2685.37	-2515.67	-169.7	2.160374	887.9624	443	0
1390	-2682.2	-2512.5	-169.7	2.160374	887.9782	443	0
1400	-2682.51	-2512.81	-169.7	2.160374	888.003	443	0
1410	-2688.19	-2518.49	-169.7	2.160374	888.0048	443	0
1420	-2683.96	-2514.26	-169.7	2.160374	887.8689	443	0
1430	-2680.31	-2510.61	-169.7	2.160374	887.971	443	0
1440	-2683.39	-2513.69	-169.7	2.160374	887.8604	443	0
1450	-2683.13	-2513.43	-169.7	2.160374	887.7822	443	0
1460	-2681.32	-2511.62	-169.7	2.160374	887.8112	443	0
1470	-2684.44	-2514.74	-169.7	2.160374	887.7782	443	0
1480	-2684.98	-2515.28	-169.7	2.160374	887.838	443	0
1490	-2689.28	-2519.58	-169.7	2.160374	887.8792	443	0
1500	-2683.86	-2514.16	-169.7	2.160374	887.8588	443	0
1510	-2681.58	-2511.88	-169.7	2.160374	887.8489	443	0
1520	-2689.8	-2520.1	-169.7	2.160374	887.9138	443	0
1530	-2681.22	-2511.52	-169.7	2.160374	887.9475	443	0
1540	-2683.27	-2513.57	-169.7	2.160374	887.8037	443	0
1550	-2681.6	-2511.9	-169.7	2.160374	887.8658	443	0
1560	-2681.13	-2511.43	-169.7	2.160374	887.882	443	0
1570	-2683.51	-2513.81	-169.7	2.160374	887.9838	443	0
1580	-2684.67	-2514.97	-169.7	2.160374	888.0435	443	0
1590	-2682.08	-2512.38	-169.7	2.160374	887.9685	443	0
1600	-2683.06	-2513.36	-169.7	2.160374	888.0169	443	0
1610	-2683.39	-2513.69	-169.7	2.160374	887.9463	443	0
1620	-2684.81	-2515.11	-169.7	2.160374	888.0039	443	0
1630	-2688.49	-2518.79	-169.7	2.160374	888.0441	443	0
1640	-2687.76	-2518.06	-169.7	2.160374	888.0109	443	0
1650	-2686.5	-2516.8	-169.7	2.160374	888.041	443	0
1660	-2686.74	-2517.04	-169.7	2.160374	888.0553	443	0
1670	-2686.34	-2516.64	-169.7	2.160374	888.0247	443	0
1680	-2684.08	-2514.38	-169.7	2.160374	887.9949	443	0
1690	-2681.41	-2511.71	-169.7	2.160374	888.0348	443	0
1700	-2681.82	-2512.12	-169.7	2.160374	888.0475	443	0
1710	-2692.76	-2523.06	-169.7	2.160374	888.111	443	0
1720	-2685.42	-2515.72	-169.7	2.160374	888.08	443	0
1730	-2688.41	-2518.71	-169.7	2.160374	888.1204	443	0
1740	-2688.2	-2518.5	-169.7	2.160374	888.1021	443	0
1750	-2689.48	-2519.78	-169.7	2.160374	888.0052	443	0
1760	-2683.64	-2513.94	-169.7	2.160374	887.9721	443	0
1770	-2686	-2516.3	-169.7	2.160374	888.0222	443	0
1780	-2683.1	-2513.4	-169.7	2.160374	887.9429	443	0
1790	-2683.35	-2513.65	-169.7	2.160374	888.0418	443	0
1800	-2688.78	-2519.08	-169.7	2.160374	887.9279	443	0
1810	-2686.61	-2516.91	-169.7	2.160374	888.034	443	0
1820	-2684.64	-2514.94	-169.7	2.160374	888.0307	443	0
1830	-2688.44	-2518.74	-169.7	2.160374	887.9582	443	0
1840	-2683.73	-2514.03	-169.7	2.160374	887.9996	443	0
1850	-2683.87	-2514.17	-169.7	2.160374	888.0696	443	0
1860	-2688.66	-2518.96	-169.7	2.160374	888.0707	443	0
1870	-2690.5	-2520.8	-169.7	2.160374	888.0663	443	0
1880	-2680.86	-2511.16	-169.7	2.160374	887.9917	443	0
1890	-2681.75	-2512.05	-169.7	2.160374	887.9903	443	0
1900	-2677.9	-2508.2	-169.7	2.160374	887.9899	443	0
1910	-2678.66	-2508.96	-169.7	2.160374	887.9384	443	0
1920	-2684.44	-2514.74	-169.7	2.160374	887.9554	443	0
1930	-2627.59	-2457.89	-169.7	2.160374	887.7823	443	0
1940	-2623.36	-2453.66	-169.7	2.160374	887.7696	443	0
1950	-2634.56	-2464.86	-169.7	2.160374	887.6631	443	0
1960	-2630.41	-2460.71	-169.7	2.160374	887.7367	443	0
1970	-2630.53	-2460.83	-169.7	2.160374	887.8217	443	0
1980	-2630.42	-2460.72	-169.7	2.160374	887.8423	443	0
1990	-2627.39	-2457.69	-169.7	2.160374	887.6693	443	0
2000	-2627.13	-2457.43	-169.7	2.160374	887.7215	443	0
2010	-2633.04	-2463.34	-169.7	2.160374	887.6621	443	0
2020	-2622.5	-2452.8	-169.7	2.160374	887.7221	443	0
2030	-2624.55	-2454.85	-169.7	2.160374	887.7475	443	0
2040	-2625.62	-2455.92	-169.7	2.160374	887.6603	443	0
2050	-2627.04	-2457.34	-169.7	2.160374	887.5872	443	0
2060	-2631.54	-2461.84	-169.7	2.160374	887.5641	443	0
2070	-2633.4	-2463.7	-169.7	2.160374	887.669	443	0
2080	-2630.94	-2461.24	-169.7	2.160374	887.7465	443	0
2090	-2636.73	-2467.03	-169.7	2.160374	887.5747	443	0
2100	-2628.41	-2458.71	-169.7	2.160374	887.7265	443	0
2110	-2626.33	-2456.63	-169.7	2.160374	887.6636	443	0
2120	-2631.16	-2461.46	-169.7	2.160374	887.6622	443	0
2130	-2623.89	-2454.19	-169.7	2.160374	887.6202	443	0
2140	-2631.27	-2461.57	-169.7	2.160374	887.721	443	0
2150	-2629.09	-2459.39	-169.7	2.160374	887.7306	443	0
2160	-2624.2	-2454.5	-169.7	2.160374	887.7636	443	0
2170	-2629.05	-2459.35	-169.7	2.160374	887.6886	443	0
2180	-2629.22	-2459.52	-169.7	2.160374	887.7311	443	0
2190	-2625.24	-2455.54	-169.7	2.160374	887.6748	443	0
2200	-2626.53	-2456.83	-169.7	2.160374	887.6183	443	0
2210	-2628.4	-2458.7	-169.7	2.160374	887.6841	443	0
2220	-2625.14	-2455.44	-169.7	2.160374	887.7309	443	0
2230	-2622.65	-2452.95	-169.7	2.160374	887.7454	443	0
2240	-2625.24	-2455.54	-169.7	2.160374	887.6968	443	0
2250	-2627.72	-2458.02	-169.7	2.160374	887.6428	443	0
2260	-2626.24	-2456.54	-169.7	2.160374	887.6478	443	0
2270	-2626.1	-2456.4	-169.7	2.160374	887.7322	443	0
2280	-2627.94	-2458.24	-169.7	2.160374	887.6712	443	0
2290	-2631.68	-2461.98	-169.7	2.160374	887.8286	443	0
2300	-2633.32	-2463.62	-169.7	2.160374	887.9027	443	0
2310	-2631.93	-2462.23	-169.7	2.160374	887.9258	443	0
2320	-2628.3	-2458.6	-169.7	2.160374	887.9078	443	0
2330	-2634.95	-2465.25	-169.7	2.160374	887.8066	443	0
2340	-2624.62	-2454.92	-169.7	2.160374	887.7835	443	0
2350	-2626.63	-2456.93	-169.7	2.160374	887.9177	443	0
2360	-2629.66	-2459.96	-169.7	2.160374	888.0125	443	0
2370	-2634.2	-2464.5	-169.7	2.160374	887.9143	443	0
2380	-2633.59	-2463.89	-169.7	2.160374	887.7915	443	0
2390	-2625.36	-2455.66	-169.7	2.160374	887.6786	443	0
2400	-2628.25	-2458.55	-169.7	2.160374	887.8407	443	0
2410	-2629.37	-2459.67	-169.7	2.160374	887.8864	443	0
2420	-2624.3	-2454.6	-169.7	2.160374	887.7159	443	0
2430	-2625.05	-2455.35	-169.7	2.160374	887.7166	443	0
2440	-2628.35	-2458.65	-169.7	2.160374	887.6658	443	0
2450	-2632.8	-2463.1	-169.7	2.160374	887.829	443	0
2460	-2634.15	-2464.45	-169.7	2.160374	887.8751	443	0
2470	-2625.37	-2455.67	-169.7	2.160374	887.8381	443	0
2480	-2624.27	-2454.57	-169.7	2.160374	887.732	443	0
2490	-2627.43	-2457.73	-169.7	2.160374	887.7569	443	0
2500	-2625.28	-2455.58	-169.7	2.160374	887.8589	443	0
2510	-2628.02	-2458.32	-169.7	2.160374	887.9051	443	0
2520	-2626.41	-2456.71	-169.7	2.160374	887.8273	443	0
2530	-2626.82	-2457.12	-169.7	2.160374	887.889	443	0
2540	-2630.07	-2460.37	-169.7	2.160374	888.0193	443	0
2550	-2629.51	-2459.81	-169.7	2.160374	887.8317	443	0
2560	-2628.17	-2458.47	-169.7	2.160374	887.74	443	0
2570	-2627.56	-2457.86	-169.7	2.160374	887.7227	443	0
2580	-2627.13	-2457.43	-169.7	2.160374	887.7773	443	0
2590	-2625.61	-2455.91	-169.7	2.160374	887.743	443	0
2600	-2624.89	-2455.19	-169.7	2.160374	887.8049	443	0
2610	-2627.36	-2457.66	-169.7	2.160374	887.7043	443	0
2620	-2627.06	-2457.36	-169.7	2.160374	887.6937	443	0
2630	-2630.38	-2460.68	-169.7	2.160374	887.988	443	0
2640	-2627.35	-2457.65	-169.7	2.160374	887.8776	443	0
2650	-2633.69	-2463.99	-169.7	2.160374	887.8385	443	0
2660	-2630.94	-2461.24	-169.7	2.160374	887.8677	443	0
2670	-2629.69	-2459.99	-169.7	2.160374	887.9085	443	0
2680	-2630.81	-2461.11	-169.7	2.160374	887.8404	443	0
2690	-2625.35	-2455.65	-169.7	2.160374	887.8399	443	0
2700	-2625.57	-2455.87	-169.7	2.160374	887.7339	443	0
2710	-2626.04	-2456.34	-169.7	2.160374	887.7522	443	0
2720	-2626.17	-2456.47	-169.7	2.160374	887.8415	443	0
2730	-2629.66	-2459.96	-169.7	2.160374	887.7029	443	0
2740	-2627.92	-2458.22	-169.7	2.160374	887.8556	443	0
2750	-2629.56	-2459.86	-169.7	2.160374	887.7469	443	0
2760	-2632.59	-2462.89	-169.7	2.160374	887.8066	443	0
2770	-2623.65	-2453.95	-169.7	2.160374	887.8627	443	0
2780	-2628.23	-2458.53	-169.7	2.160374	887.8859	443	0
2790	-2632.96	-2463.26	-169.7	2.160374	887.8291	443	0
2800	-2635.2	-2465.5	-169.7	2.160374	887.8303	443	0
2810	-2631.58	-2461.88	-169.7	2.160374	887.8073	443	0
2820	-2627.54	-2457.84	-169.7	2.160374	887.8561	443	0
2830	-2630.79	-2461.09	-169.7	2.160374	887.7916	443	0
2840	-2628.58	-2458.88	-169.7	2.160374	887.7545	443	0
2850	-2624.6	-2454.9	-169.7	2.160374	887.871	443	0
2860	-2628.77	-2459.07	-169.7	2.160374	887.9186	443	0
2870	-2628.02	-2458.32	-169.7	2.160374	887.881	443	0
2880	-2625.96	-2456.26	-169.7	2.160374	887.7593	443	0
2890	-2624.62	-2454.92	-169.7	2.160374	887.8062	443	0
2900	-2626.97	-2457.27	-169.7	2.160374	887.8527	443	0
2910	-2624.26	-2454.56	-169.7	2.160374	887.7673	443	0
2920	-2624.04	-2454.34	-169.7	2.160374	887.7259	443	0
2930	-2624.92	-2455.22	-169.7	2.160374	887.7501	443	0
2940	-2625.01	-2455.31	-169.7	2.160374	887.8333	443	0
2950	-2623.91	-2454.21	-169.7	2.160374	887.7677	443	0
2960	-2625.52	-2455.82	-169.7	2.160374	887.7939	443	0
2970	-2623.66	-2453.96	-169.7	2.160374	887.7997	443	0
2980	-2623.55	-2453.85	-169.7	2.160374	887.7891	443	0
2990	-2629.96	-2460.26	-169.7	2.160374	887.8605	443	0
3000	-2627.31	-2457.61	-169.7	2.160374	887.9128	443	0
